Start testing: Aug 19 19:01 CEST
----------------------------------------------------------
1/5 Testing: TutorialRuns
1/5 Test: TutorialRuns
Command: "/home/marcos/Eclipse/bosch/workspace/Tutorial-5/build6/Tutorial" "25"
Directory: /home/marcos/Eclipse/bosch/workspace/Tutorial-5/build6
"TutorialRuns" start time: Aug 19 19:01 CEST
Output:
----------------------------------------------------------
Computing sqrt of 25 to be 13
Computing sqrt of 25 to be 7.46154
Computing sqrt of 25 to be 5.40603
Computing sqrt of 25 to be 5.01525
Computing sqrt of 25 to be 5.00002
Computing sqrt of 25 to be 5
Computing sqrt of 25 to be 5
Computing sqrt of 25 to be 5
Computing sqrt of 25 to be 5
Computing sqrt of 25 to be 5
The square root of 25 is 5
<end of output>
Test time =   0.00 sec
----------------------------------------------------------
Test Passed.
"TutorialRuns" end time: Aug 19 19:01 CEST
"TutorialRuns" time elapsed: 00:00:00
----------------------------------------------------------

2/5 Testing: TutorialUsage
2/5 Test: TutorialUsage
Command: "/home/marcos/Eclipse/bosch/workspace/Tutorial-5/build6/Tutorial"
Directory: /home/marcos/Eclipse/bosch/workspace/Tutorial-5/build6
"TutorialUsage" start time: Aug 19 19:01 CEST
Output:
----------------------------------------------------------
/home/marcos/Eclipse/bosch/workspace/Tutorial-5/build6/Tutorial Version 1.0
Usage: /home/marcos/Eclipse/bosch/workspace/Tutorial-5/build6/Tutorial number
<end of output>
Test time =   0.00 sec
----------------------------------------------------------
Test Pass Reason:
Required regular expression found.Regex=[Usage:.*number
]
"TutorialUsage" end time: Aug 19 19:01 CEST
"TutorialUsage" time elapsed: 00:00:00
----------------------------------------------------------

3/5 Testing: TutorialComp25
3/5 Test: TutorialComp25
Command: "/home/marcos/Eclipse/bosch/workspace/Tutorial-5/build6/Tutorial" "25"
Directory: /home/marcos/Eclipse/bosch/workspace/Tutorial-5/build6
"TutorialComp25" start time: Aug 19 19:01 CEST
Output:
----------------------------------------------------------
Computing sqrt of 25 to be 13
Computing sqrt of 25 to be 7.46154
Computing sqrt of 25 to be 5.40603
Computing sqrt of 25 to be 5.01525
Computing sqrt of 25 to be 5.00002
Computing sqrt of 25 to be 5
Computing sqrt of 25 to be 5
Computing sqrt of 25 to be 5
Computing sqrt of 25 to be 5
Computing sqrt of 25 to be 5
The square root of 25 is 5
<end of output>
Test time =   0.00 sec
----------------------------------------------------------
Test Pass Reason:
Required regular expression found.Regex=[25 is 5
]
"TutorialComp25" end time: Aug 19 19:01 CEST
"TutorialComp25" time elapsed: 00:00:00
----------------------------------------------------------

4/5 Testing: TutorialComp-25
4/5 Test: TutorialComp-25
Command: "/home/marcos/Eclipse/bosch/workspace/Tutorial-5/build6/Tutorial" "-25"
Directory: /home/marcos/Eclipse/bosch/workspace/Tutorial-5/build6
"TutorialComp-25" start time: Aug 19 19:01 CEST
Output:
----------------------------------------------------------
The square root of -25 is 0
<end of output>
Test time =   0.00 sec
----------------------------------------------------------
Test Pass Reason:
Required regular expression found.Regex=[-25 is 0
]
"TutorialComp-25" end time: Aug 19 19:01 CEST
"TutorialComp-25" time elapsed: 00:00:00
----------------------------------------------------------

5/5 Testing: TutorialComp0.0001
5/5 Test: TutorialComp0.0001
Command: "/home/marcos/Eclipse/bosch/workspace/Tutorial-5/build6/Tutorial" "0.0001"
Directory: /home/marcos/Eclipse/bosch/workspace/Tutorial-5/build6
"TutorialComp0.0001" start time: Aug 19 19:01 CEST
Output:
----------------------------------------------------------
Computing sqrt of 0.0001 to be 0.50005
Computing sqrt of 0.0001 to be 0.250125
Computing sqrt of 0.0001 to be 0.125262
Computing sqrt of 0.0001 to be 0.0630304
Computing sqrt of 0.0001 to be 0.0323084
Computing sqrt of 0.0001 to be 0.0177018
Computing sqrt of 0.0001 to be 0.0116755
Computing sqrt of 0.0001 to be 0.0101202
Computing sqrt of 0.0001 to be 0.0100007
Computing sqrt of 0.0001 to be 0.01
The square root of 0.0001 is 0.01
<end of output>
Test time =   0.00 sec
----------------------------------------------------------
Test Pass Reason:
Required regular expression found.Regex=[0.0001 is 0.01
]
"TutorialComp0.0001" end time: Aug 19 19:01 CEST
"TutorialComp0.0001" time elapsed: 00:00:00
----------------------------------------------------------

End testing: Aug 19 19:01 CEST
