<?xml version="1.0" encoding="UTF-8"?>
<Site BuildName="Linux-c++"
	BuildStamp="20140819-1701-Experimental"
	Name="marcos-ubuntu"
	Generator="ctest-2.8.7"
	CompilerName="/usr/bin/c++"
	OSName="Linux"
	Hostname="marcos-ubuntu"
	OSRelease="3.2.0-67-generic-pae"
	OSVersion="#101-Ubuntu SMP Tue Jul 15 18:04:54 UTC 2014"
	OSPlatform="i686"
	Is64Bits="0"
	VendorString="GenuineIntel"
	VendorID="Intel Corporation"
	FamilyID="6"
	ModelID="37"
	ProcessorCacheSize="3072"
	NumberOfLogicalCPU="4"
	NumberOfPhysicalCPU="2"
	TotalVirtualMemory="7628"
	TotalPhysicalMemory="3887"
	LogicalProcessorsPerPhysical="2"
	ProcessorClockFrequency="1199"
>
<Testing>
	<StartDateTime>Aug 19 19:01 CEST</StartDateTime>
	<StartTestTime>1408467678</StartTestTime>
	<TestList>
		<Test>./TutorialRuns</Test>
		<Test>./TutorialUsage</Test>
		<Test>./TutorialComp25</Test>
		<Test>./TutorialComp-25</Test>
		<Test>./TutorialComp0.0001</Test>
	</TestList>
	<Test Status="passed">
		<Name>TutorialRuns</Name>
		<Path>.</Path>
		<FullName>./TutorialRuns</FullName>
		<FullCommandLine>/home/marcos/Eclipse/bosch/workspace/Tutorial-5/build6/Tutorial &quot;25&quot;</FullCommandLine>
		<Results>
			<NamedMeasurement type="numeric/double" name="Execution Time"><Value>0.00178196</Value></NamedMeasurement>
			<NamedMeasurement type="text/string" name="Completion Status"><Value>Completed</Value></NamedMeasurement>
			<NamedMeasurement type="text/string" name="Command Line"><Value>/home/marcos/Eclipse/bosch/workspace/Tutorial-5/build6/Tutorial &quot;25&quot;</Value></NamedMeasurement>
			<Measurement>
				<Value>Computing sqrt of 25 to be 13
Computing sqrt of 25 to be 7.46154
Computing sqrt of 25 to be 5.40603
Computing sqrt of 25 to be 5.01525
Computing sqrt of 25 to be 5.00002
Computing sqrt of 25 to be 5
Computing sqrt of 25 to be 5
Computing sqrt of 25 to be 5
Computing sqrt of 25 to be 5
Computing sqrt of 25 to be 5
The square root of 25 is 5
</Value>
			</Measurement>
		</Results>
	</Test>
	<Test Status="passed">
		<Name>TutorialUsage</Name>
		<Path>.</Path>
		<FullName>./TutorialUsage</FullName>
		<FullCommandLine>/home/marcos/Eclipse/bosch/workspace/Tutorial-5/build6/Tutorial</FullCommandLine>
		<Results>
			<NamedMeasurement type="text/string" name="Exit Code"><Value>Completed</Value></NamedMeasurement>
			<NamedMeasurement type="text/string" name="Exit Value"><Value>1</Value></NamedMeasurement>
			<NamedMeasurement type="numeric/double" name="Execution Time"><Value>0.00146707</Value></NamedMeasurement>
			<NamedMeasurement type="text/string" name="Pass Reason"><Value>Required regular expression found.Regex=[Usage:.*number
]</Value></NamedMeasurement>
			<NamedMeasurement type="text/string" name="Completion Status"><Value>Completed</Value></NamedMeasurement>
			<NamedMeasurement type="text/string" name="Command Line"><Value>/home/marcos/Eclipse/bosch/workspace/Tutorial-5/build6/Tutorial</Value></NamedMeasurement>
			<Measurement>
				<Value>/home/marcos/Eclipse/bosch/workspace/Tutorial-5/build6/Tutorial Version 1.0
Usage: /home/marcos/Eclipse/bosch/workspace/Tutorial-5/build6/Tutorial number
</Value>
			</Measurement>
		</Results>
	</Test>
	<Test Status="passed">
		<Name>TutorialComp25</Name>
		<Path>.</Path>
		<FullName>./TutorialComp25</FullName>
		<FullCommandLine>/home/marcos/Eclipse/bosch/workspace/Tutorial-5/build6/Tutorial &quot;25&quot;</FullCommandLine>
		<Results>
			<NamedMeasurement type="numeric/double" name="Execution Time"><Value>0.00153103</Value></NamedMeasurement>
			<NamedMeasurement type="text/string" name="Pass Reason"><Value>Required regular expression found.Regex=[25 is 5
]</Value></NamedMeasurement>
			<NamedMeasurement type="text/string" name="Completion Status"><Value>Completed</Value></NamedMeasurement>
			<NamedMeasurement type="text/string" name="Command Line"><Value>/home/marcos/Eclipse/bosch/workspace/Tutorial-5/build6/Tutorial &quot;25&quot;</Value></NamedMeasurement>
			<Measurement>
				<Value>Computing sqrt of 25 to be 13
Computing sqrt of 25 to be 7.46154
Computing sqrt of 25 to be 5.40603
Computing sqrt of 25 to be 5.01525
Computing sqrt of 25 to be 5.00002
Computing sqrt of 25 to be 5
Computing sqrt of 25 to be 5
Computing sqrt of 25 to be 5
Computing sqrt of 25 to be 5
Computing sqrt of 25 to be 5
The square root of 25 is 5
</Value>
			</Measurement>
		</Results>
	</Test>
	<Test Status="passed">
		<Name>TutorialComp-25</Name>
		<Path>.</Path>
		<FullName>./TutorialComp-25</FullName>
		<FullCommandLine>/home/marcos/Eclipse/bosch/workspace/Tutorial-5/build6/Tutorial &quot;-25&quot;</FullCommandLine>
		<Results>
			<NamedMeasurement type="numeric/double" name="Execution Time"><Value>0.001505</Value></NamedMeasurement>
			<NamedMeasurement type="text/string" name="Pass Reason"><Value>Required regular expression found.Regex=[-25 is 0
]</Value></NamedMeasurement>
			<NamedMeasurement type="text/string" name="Completion Status"><Value>Completed</Value></NamedMeasurement>
			<NamedMeasurement type="text/string" name="Command Line"><Value>/home/marcos/Eclipse/bosch/workspace/Tutorial-5/build6/Tutorial &quot;-25&quot;</Value></NamedMeasurement>
			<Measurement>
				<Value>The square root of -25 is 0
</Value>
			</Measurement>
		</Results>
	</Test>
	<Test Status="passed">
		<Name>TutorialComp0.0001</Name>
		<Path>.</Path>
		<FullName>./TutorialComp0.0001</FullName>
		<FullCommandLine>/home/marcos/Eclipse/bosch/workspace/Tutorial-5/build6/Tutorial &quot;0.0001&quot;</FullCommandLine>
		<Results>
			<NamedMeasurement type="numeric/double" name="Execution Time"><Value>0.00152788</Value></NamedMeasurement>
			<NamedMeasurement type="text/string" name="Pass Reason"><Value>Required regular expression found.Regex=[0.0001 is 0.01
]</Value></NamedMeasurement>
			<NamedMeasurement type="text/string" name="Completion Status"><Value>Completed</Value></NamedMeasurement>
			<NamedMeasurement type="text/string" name="Command Line"><Value>/home/marcos/Eclipse/bosch/workspace/Tutorial-5/build6/Tutorial &quot;0.0001&quot;</Value></NamedMeasurement>
			<Measurement>
				<Value>Computing sqrt of 0.0001 to be 0.50005
Computing sqrt of 0.0001 to be 0.250125
Computing sqrt of 0.0001 to be 0.125262
Computing sqrt of 0.0001 to be 0.0630304
Computing sqrt of 0.0001 to be 0.0323084
Computing sqrt of 0.0001 to be 0.0177018
Computing sqrt of 0.0001 to be 0.0116755
Computing sqrt of 0.0001 to be 0.0101202
Computing sqrt of 0.0001 to be 0.0100007
Computing sqrt of 0.0001 to be 0.01
The square root of 0.0001 is 0.01
</Value>
			</Measurement>
		</Results>
	</Test>
	<EndDateTime>Aug 19 19:01 CEST</EndDateTime>
	<EndTestTime>1408467678</EndTestTime>
<ElapsedMinutes>0</ElapsedMinutes></Testing>
</Site>
